nohup: appending output to ‘nohup.out’
[I 20:14:35.351 NotebookApp] Writing notebook server cookie secret to /run/user/1000/jupyter/notebook_cookie_secret
[I 20:14:35.954 NotebookApp] Serving notebooks from local directory: /home/christopher/Dropbox/iPython_Notebooks/
[I 20:14:35.954 NotebookApp] 0 active kernels 
[I 20:14:35.954 NotebookApp] The IPython Notebook is running at: https://[all ip addresses on your system]:9999/
[I 20:14:35.954 NotebookApp] Use Control-C to stop this server and shut down all kernels (twice to skip confirmation).
[W 20:15:26.030 NotebookApp] SSL Error on 7 ('127.0.0.1', 44534): [Errno 1] _ssl.c:510: error:1408F10B:SSL routines:SSL3_GET_RECORD:wrong version number
[E 20:15:26.051 NotebookApp] Uncaught exception
    Traceback (most recent call last):
      File "/usr/local/lib/python2.7/dist-packages/tornado/http1connection.py", line 693, in _server_request_loop
        ret = yield conn.read_response(request_delegate)
      File "/usr/local/lib/python2.7/dist-packages/tornado/gen.py", line 870, in run
        value = future.result()
      File "/usr/local/lib/python2.7/dist-packages/tornado/concurrent.py", line 215, in result
        raise_exc_info(self._exc_info)
      File "/usr/local/lib/python2.7/dist-packages/tornado/gen.py", line 876, in run
        yielded = self.gen.throw(*exc_info)
      File "/usr/local/lib/python2.7/dist-packages/tornado/http1connection.py", line 168, in _read_message
        quiet_exceptions=iostream.StreamClosedError)
      File "/usr/local/lib/python2.7/dist-packages/tornado/gen.py", line 870, in run
        value = future.result()
      File "/usr/local/lib/python2.7/dist-packages/tornado/concurrent.py", line 215, in result
        raise_exc_info(self._exc_info)
      File "<string>", line 3, in raise_exc_info
    SSLError: [Errno 1] _ssl.c:510: error:1408F10B:SSL routines:SSL3_GET_RECORD:wrong version number
[W 20:15:49.442 NotebookApp] SSL Error on 7 ('127.0.0.1', 44535): [Errno 1] _ssl.c:510: error:1408F10B:SSL routines:SSL3_GET_RECORD:wrong version number
[E 20:15:49.442 NotebookApp] Uncaught exception
    Traceback (most recent call last):
      File "/usr/local/lib/python2.7/dist-packages/tornado/http1connection.py", line 693, in _server_request_loop
        ret = yield conn.read_response(request_delegate)
      File "/usr/local/lib/python2.7/dist-packages/tornado/gen.py", line 870, in run
        value = future.result()
      File "/usr/local/lib/python2.7/dist-packages/tornado/concurrent.py", line 215, in result
        raise_exc_info(self._exc_info)
      File "/usr/local/lib/python2.7/dist-packages/tornado/gen.py", line 876, in run
        yielded = self.gen.throw(*exc_info)
      File "/usr/local/lib/python2.7/dist-packages/tornado/http1connection.py", line 168, in _read_message
        quiet_exceptions=iostream.StreamClosedError)
      File "/usr/local/lib/python2.7/dist-packages/tornado/gen.py", line 870, in run
        value = future.result()
      File "/usr/local/lib/python2.7/dist-packages/tornado/concurrent.py", line 215, in result
        raise_exc_info(self._exc_info)
      File "<string>", line 3, in raise_exc_info
    SSLError: [Errno 1] _ssl.c:510: error:1408F10B:SSL routines:SSL3_GET_RECORD:wrong version number
[I 20:15:58.038 NotebookApp] 302 GET / (98.202.208.87) 0.64ms
[I 20:15:58.052 NotebookApp] 302 GET /tree (98.202.208.87) 0.98ms
[I 20:16:02.565 NotebookApp] 302 POST /login?next=%2Ftree (98.202.208.87) 1.25ms
[W 20:16:07.836 NotebookApp] 404 GET /static/components/MathJax/config/Safe.js?rev=2.5.3 (98.202.208.87) 51.50ms referer=https://cmertin.ddns.net:9999/notebooks/CS%206350%20-%20Machine%20Learning/Homework%201.ipynb
[I 20:16:09.554 NotebookApp] Kernel started: 5c8df786-421e-412f-be44-f44a8ef47d6b
[I 20:20:09.545 NotebookApp] Saving file at /CS 6350 - Machine Learning/Homework 1.ipynb
[I 20:22:09.539 NotebookApp] Saving file at /CS 6350 - Machine Learning/Homework 1.ipynb
[I 20:24:09.555 NotebookApp] Saving file at /CS 6350 - Machine Learning/Homework 1.ipynb
[I 20:26:09.505 NotebookApp] Saving file at /CS 6350 - Machine Learning/Homework 1.ipynb
[I 20:28:09.531 NotebookApp] Saving file at /CS 6350 - Machine Learning/Homework 1.ipynb
[I 20:30:09.510 NotebookApp] Saving file at /CS 6350 - Machine Learning/Homework 1.ipynb
[I 20:32:09.498 NotebookApp] Saving file at /CS 6350 - Machine Learning/Homework 1.ipynb
[I 20:34:09.505 NotebookApp] Saving file at /CS 6350 - Machine Learning/Homework 1.ipynb
[I 20:36:09.506 NotebookApp] Saving file at /CS 6350 - Machine Learning/Homework 1.ipynb
[I 20:42:09.568 NotebookApp] Saving file at /CS 6350 - Machine Learning/Homework 1.ipynb
